<?xml version="1.0" encoding="UTF-8"?>
<testng-results ignored="0" total="1" passed="1" failed="0" skipped="0">
  <reporter-output>
  </reporter-output>
  <suite started-at="2022-12-27T13:54:04 IST" name="Default suite" finished-at="2022-12-27T13:54:21 IST" duration-ms="16303">
    <groups>
    </groups>
    <test started-at="2022-12-27T13:54:04 IST" name="Default test" finished-at="2022-12-27T13:54:21 IST" duration-ms="16303">
      <class name="SimpleAssignment.Flipkt">
        <test-method is-config="true" signature="openApp()[pri:0, instance:SimpleAssignment.Flipkt@5fa07e12]" started-at="2022-12-27T13:54:04 IST" name="openApp" finished-at="2022-12-27T13:54:08 IST" duration-ms="3164" status="PASS">
          <reporter-output>
          </reporter-output>
        </test-method> <!-- openApp -->
        <test-method signature="max()[pri:0, instance:SimpleAssignment.Flipkt@5fa07e12]" started-at="2022-12-27T13:54:08 IST" name="max" finished-at="2022-12-27T13:54:20 IST" duration-ms="12065" status="PASS">
          <reporter-output>
          </reporter-output>
        </test-method> <!-- max -->
        <test-method is-config="true" signature="closeApp()[pri:0, instance:SimpleAssignment.Flipkt@5fa07e12]" started-at="2022-12-27T13:54:20 IST" name="closeApp" finished-at="2022-12-27T13:54:21 IST" duration-ms="1041" status="PASS">
          <reporter-output>
          </reporter-output>
        </test-method> <!-- closeApp -->
      </class> <!-- SimpleAssignment.Flipkt -->
    </test> <!-- Default test -->
  </suite> <!-- Default suite -->
</testng-results>
